2022-03-14T01:07:07: Processing submission submission-b5804977c8824b1983152163ae45ebb2 for group-72 ({'app': '9e86e783531e1262decfcf56a7d09025530f01f2ae4c92672cf1ab4ae71fa72d', 'data': '3a701dbccc60d18390cbf6a9543a533587177b08278a6e8dc344f6878c4e5e1d'}) (2AMD15)
2022-03-14T01:07:08: Creating submission environment ...
2022-03-14T01:07:09: Waiting for submission environment ...
2022-03-14T01:09:49: Begin uploading files
2022-03-14T01:09:52: Could not find META-INF/MANIFEST.MF in app archive
2022-03-14T01:09:52: Could not find Main.class in app archive
2022-03-14T01:09:52: Extracting and uploading main.py ...
2022-03-14T01:09:54: main.py status: {'accessTime': 1647220193407, 'blockSize': 134217728, 'childrenNum': 0, 'fileId': 16386, 'group': 'supergroup', 'length': 4243, 'modificationTime': 1647220194172, 'owner': 'www-data', 'pathSuffix': '', 'permission': '755', 'replication': 3, 'storagePolicy': 0, 'type': 'FILE'}
2022-03-14T01:09:54: Uploading app app.zip ...
2022-03-14T01:09:54: App status: {'accessTime': 1647220194298, 'blockSize': 134217728, 'childrenNum': 0, 'fileId': 16387, 'group': 'supergroup', 'length': 2006, 'modificationTime': 1647220194327, 'owner': 'www-data', 'pathSuffix': '', 'permission': '755', 'replication': 3, 'storagePolicy': 0, 'type': 'FILE'}
2022-03-14T01:09:54: Uploading data ...
2022-03-14T01:09:54: Uploading daata file WeatherEvents.csv ...
2022-03-14T01:10:13: Uploading /MS1.txt
2022-03-14T01:11:08: Done uploading /MS1.txt
2022-03-14T01:11:08: Submitting work ...
2022-03-14T01:11:14: Status: Pending
2022-03-14T01:11:20: Attaching logs
2022-03-14T01:11:25: Status: Failed
2022-03-14T01:11:25: Performing cleanup
2022-03-14T01:11:25: Awaiting attached log termination
2022-03-14T01:11:25: Bye
