2022-03-15T23:59:10: Processing submission submission-cefd10b9fc224adab7ae1d75020ca194 for group-72 ({'app': 'f634e6cf7e4f4ce7d67e6bf9295660c72bc2f1cb4ceb013df484c965afd2678b', 'data': '3a701dbccc60d18390cbf6a9543a533587177b08278a6e8dc344f6878c4e5e1d'}) (2AMD15)
2022-03-15T23:59:10: Creating submission environment ...
2022-03-15T23:59:11: Waiting for submission environment ...
2022-03-16T00:01:51: Begin uploading files
2022-03-16T00:01:54: Could not find META-INF/MANIFEST.MF in app archive
2022-03-16T00:01:54: Could not find Main.class in app archive
2022-03-16T00:01:54: Extracting and uploading main.py ...
2022-03-16T00:01:56: main.py status: {'accessTime': 1647388915411, 'blockSize': 134217728, 'childrenNum': 0, 'fileId': 16386, 'group': 'supergroup', 'length': 7863, 'modificationTime': 1647388916189, 'owner': 'www-data', 'pathSuffix': '', 'permission': '755', 'replication': 3, 'storagePolicy': 0, 'type': 'FILE'}
2022-03-16T00:01:56: Uploading app app.zip ...
2022-03-16T00:01:56: App status: {'accessTime': 1647388916603, 'blockSize': 134217728, 'childrenNum': 0, 'fileId': 16387, 'group': 'supergroup', 'length': 2395, 'modificationTime': 1647388916688, 'owner': 'www-data', 'pathSuffix': '', 'permission': '755', 'replication': 3, 'storagePolicy': 0, 'type': 'FILE'}
2022-03-16T00:01:56: Uploading data ...
2022-03-16T00:01:56: Uploading daata file WeatherEvents.csv ...
2022-03-16T00:02:12: Uploading /MS1.txt
2022-03-16T00:02:46: Done uploading /MS1.txt
2022-03-16T00:02:46: Submitting work ...
2022-03-16T00:02:52: Status: Pending
2022-03-16T00:02:57: Attaching logs
2022-03-16T00:03:41: Status: Failed
2022-03-16T00:03:41: Performing cleanup
2022-03-16T00:03:41: Awaiting attached log termination
2022-03-16T00:03:41: Bye
