2022-03-14T00:55:04: Processing submission submission-5cf024788c234be8b8e340f2e50c6a58 for group-72 ({'app': '83995fa9dd9d6976e902a3443ffe63650e0ccf30862a5d3181f51ce449c45ba6', 'data': '3a701dbccc60d18390cbf6a9543a533587177b08278a6e8dc344f6878c4e5e1d'}) (2AMD15)
2022-03-14T00:55:04: Creating submission environment ...
2022-03-14T00:55:05: Waiting for submission environment ...
2022-03-14T00:58:23: Begin uploading files
2022-03-14T00:58:26: Could not find META-INF/MANIFEST.MF in app archive
2022-03-14T00:58:26: Could not find Main.class in app archive
2022-03-14T00:58:26: Extracting and uploading main.py ...
2022-03-14T00:58:27: main.py status: {'accessTime': 1647219506927, 'blockSize': 134217728, 'childrenNum': 0, 'fileId': 16386, 'group': 'supergroup', 'length': 4217, 'modificationTime': 1647219507690, 'owner': 'www-data', 'pathSuffix': '', 'permission': '755', 'replication': 3, 'storagePolicy': 0, 'type': 'FILE'}
2022-03-14T00:58:27: Uploading app app.zip ...
2022-03-14T00:58:27: App status: {'accessTime': 1647219507775, 'blockSize': 134217728, 'childrenNum': 0, 'fileId': 16387, 'group': 'supergroup', 'length': 1446, 'modificationTime': 1647219507800, 'owner': 'www-data', 'pathSuffix': '', 'permission': '755', 'replication': 3, 'storagePolicy': 0, 'type': 'FILE'}
2022-03-14T00:58:27: Uploading data ...
2022-03-14T00:58:27: Uploading daata file WeatherEvents.csv ...
2022-03-14T00:58:49: Uploading /MS1.txt
2022-03-14T00:59:38: Done uploading /MS1.txt
2022-03-14T00:59:38: Submitting work ...
2022-03-14T00:59:44: Status: Pending
2022-03-14T00:59:49: Attaching logs
2022-03-14T01:00:16: Status: Failed
2022-03-14T01:00:16: Performing cleanup
2022-03-14T01:00:16: Awaiting attached log termination
2022-03-14T01:00:16: Bye
