2022-03-14T09:44:09: Processing submission submission-69600b45d71a46079770589b177a4ec4 for group-72 ({'app': '38fa39ba81fd4df13080e2b4d96a82ed6c7a5bc97126b678d0f8b230c0de9b45', 'data': '3a701dbccc60d18390cbf6a9543a533587177b08278a6e8dc344f6878c4e5e1d'}) (2AMD15)
2022-03-14T09:44:09: Creating submission environment ...
2022-03-14T09:44:11: Waiting for submission environment ...
2022-03-14T09:46:55: Begin uploading files
2022-03-14T09:46:58: Could not find META-INF/MANIFEST.MF in app archive
2022-03-14T09:46:58: Could not find Main.class in app archive
2022-03-14T09:46:58: Extracting and uploading main.py ...
2022-03-14T09:46:59: main.py status: {'accessTime': 1647251219016, 'blockSize': 134217728, 'childrenNum': 0, 'fileId': 16386, 'group': 'supergroup', 'length': 5315, 'modificationTime': 1647251219738, 'owner': 'www-data', 'pathSuffix': '', 'permission': '755', 'replication': 3, 'storagePolicy': 0, 'type': 'FILE'}
2022-03-14T09:46:59: Uploading app app.zip ...
2022-03-14T09:46:59: App status: {'accessTime': 1647251219858, 'blockSize': 134217728, 'childrenNum': 0, 'fileId': 16387, 'group': 'supergroup', 'length': 1791, 'modificationTime': 1647251219881, 'owner': 'www-data', 'pathSuffix': '', 'permission': '755', 'replication': 3, 'storagePolicy': 0, 'type': 'FILE'}
2022-03-14T09:46:59: Uploading data ...
2022-03-14T09:46:59: Uploading daata file WeatherEvents.csv ...
2022-03-14T09:47:17: Uploading /MS1.txt
2022-03-14T09:47:50: Done uploading /MS1.txt
2022-03-14T09:47:50: Submitting work ...
2022-03-14T09:47:57: Attaching logs
2022-03-14T09:50:49: Status: Succeeded
2022-03-14T09:50:49: Performing cleanup
2022-03-14T09:50:49: Awaiting attached log termination
2022-03-14T09:50:49: Bye
