2022-03-16T01:12:01: Processing submission submission-440dec3ee3494896a2d897753fe4d077 for group-72 ({'app': 'd95ed1b294a5a06f75054aa295548bd373f4eda744635cedaa593fb8940727b4', 'data': '3a701dbccc60d18390cbf6a9543a533587177b08278a6e8dc344f6878c4e5e1d'}) (2AMD15)
2022-03-16T01:12:02: Creating submission environment ...
2022-03-16T01:12:03: Waiting for submission environment ...
2022-03-16T01:14:42: Begin uploading files
2022-03-16T01:14:45: Could not find META-INF/MANIFEST.MF in app archive
2022-03-16T01:14:45: Could not find Main.class in app archive
2022-03-16T01:14:45: Extracting and uploading main.py ...
2022-03-16T01:14:46: main.py status: {'accessTime': 1647393285700, 'blockSize': 134217728, 'childrenNum': 0, 'fileId': 16386, 'group': 'supergroup', 'length': 7918, 'modificationTime': 1647393286452, 'owner': 'www-data', 'pathSuffix': '', 'permission': '755', 'replication': 3, 'storagePolicy': 0, 'type': 'FILE'}
2022-03-16T01:14:46: Uploading app app.zip ...
2022-03-16T01:14:46: App status: {'accessTime': 1647393286568, 'blockSize': 134217728, 'childrenNum': 0, 'fileId': 16387, 'group': 'supergroup', 'length': 2410, 'modificationTime': 1647393286590, 'owner': 'www-data', 'pathSuffix': '', 'permission': '755', 'replication': 3, 'storagePolicy': 0, 'type': 'FILE'}
2022-03-16T01:14:46: Uploading data ...
2022-03-16T01:14:46: Uploading daata file WeatherEvents.csv ...
2022-03-16T01:15:02: Uploading /MS1.txt
2022-03-16T01:15:35: Done uploading /MS1.txt
2022-03-16T01:15:35: Submitting work ...
2022-03-16T01:15:41: Status: Pending
2022-03-16T01:15:46: Attaching logs
2022-03-16T01:16:46: Status: Failed
2022-03-16T01:16:46: Performing cleanup
2022-03-16T01:16:47: Awaiting attached log termination
2022-03-16T01:16:47: Bye
