2022-03-15T21:33:07: Processing submission submission-654765ab918c48dc98db89e1c6cae226 for group-72 ({'app': '7efbc126c282d8d12bd00fa3f2777a66e44598189fd3bc09829d88823ece2491', 'data': '3a701dbccc60d18390cbf6a9543a533587177b08278a6e8dc344f6878c4e5e1d'}) (2AMD15)
2022-03-15T21:33:08: Creating submission environment ...
2022-03-15T21:33:09: Waiting for submission environment ...
2022-03-15T21:35:46: Begin uploading files
2022-03-15T21:35:49: Could not find META-INF/MANIFEST.MF in app archive
2022-03-15T21:35:49: Could not find Main.class in app archive
2022-03-15T21:35:49: Extracting and uploading main.py ...
2022-03-15T21:35:51: main.py status: {'accessTime': 1647380150337, 'blockSize': 134217728, 'childrenNum': 0, 'fileId': 16386, 'group': 'supergroup', 'length': 7840, 'modificationTime': 1647380151099, 'owner': 'www-data', 'pathSuffix': '', 'permission': '755', 'replication': 3, 'storagePolicy': 0, 'type': 'FILE'}
2022-03-15T21:35:51: Uploading app app.zip ...
2022-03-15T21:35:51: App status: {'accessTime': 1647380151181, 'blockSize': 134217728, 'childrenNum': 0, 'fileId': 16387, 'group': 'supergroup', 'length': 2385, 'modificationTime': 1647380151210, 'owner': 'www-data', 'pathSuffix': '', 'permission': '755', 'replication': 3, 'storagePolicy': 0, 'type': 'FILE'}
2022-03-15T21:35:51: Uploading data ...
2022-03-15T21:35:51: Uploading daata file WeatherEvents.csv ...
2022-03-15T21:36:05: Uploading /MS1.txt
2022-03-15T21:36:39: Done uploading /MS1.txt
2022-03-15T21:36:39: Submitting work ...
2022-03-15T21:36:45: Status: Pending
2022-03-15T21:36:51: Attaching logs
2022-03-15T21:37:28: Status: Failed
2022-03-15T21:37:28: Performing cleanup
2022-03-15T21:37:28: Awaiting attached log termination
2022-03-15T21:37:28: Bye
