2022-03-15T22:21:34: Processing submission submission-3aceb1f9c75f4aeab3f9ad3c5c60b522 for group-72 ({'app': '64fa7473061b5ae1d277768420eda74ebd6d1b825da4a0d441a68323ed180edf', 'data': '3a701dbccc60d18390cbf6a9543a533587177b08278a6e8dc344f6878c4e5e1d'}) (2AMD15)
2022-03-15T22:21:34: Creating submission environment ...
2022-03-15T22:21:35: Waiting for submission environment ...
2022-03-15T22:24:15: Begin uploading files
2022-03-15T22:24:18: Could not find META-INF/MANIFEST.MF in app archive
2022-03-15T22:24:18: Could not find Main.class in app archive
2022-03-15T22:24:18: Extracting and uploading main.py ...
2022-03-15T22:24:19: main.py status: {'accessTime': 1647383058984, 'blockSize': 134217728, 'childrenNum': 0, 'fileId': 16386, 'group': 'supergroup', 'length': 7861, 'modificationTime': 1647383059796, 'owner': 'www-data', 'pathSuffix': '', 'permission': '755', 'replication': 3, 'storagePolicy': 0, 'type': 'FILE'}
2022-03-15T22:24:19: Uploading app app.zip ...
2022-03-15T22:24:20: App status: {'accessTime': 1647383060293, 'blockSize': 134217728, 'childrenNum': 0, 'fileId': 16387, 'group': 'supergroup', 'length': 2395, 'modificationTime': 1647383060391, 'owner': 'www-data', 'pathSuffix': '', 'permission': '755', 'replication': 3, 'storagePolicy': 0, 'type': 'FILE'}
2022-03-15T22:24:20: Uploading data ...
2022-03-15T22:24:20: Uploading daata file WeatherEvents.csv ...
2022-03-15T22:24:34: Uploading /MS1.txt
2022-03-15T22:25:07: Done uploading /MS1.txt
2022-03-15T22:25:07: Submitting work ...
2022-03-15T22:25:14: Status: Pending
2022-03-15T22:25:19: Attaching logs
2022-03-15T22:27:02: Status: Failed
2022-03-15T22:27:02: Performing cleanup
2022-03-15T22:27:03: Awaiting attached log termination
2022-03-15T22:27:03: Bye
