2022-03-16T01:55:50: Processing submission submission-b67a901866d24b80a71c501ef24ecd75 for group-72 ({'app': '95be1dd95e0ada5c201b2d6c3159924573a72bfe51701ec9fd7147ec5bdab8e8', 'data': '3a701dbccc60d18390cbf6a9543a533587177b08278a6e8dc344f6878c4e5e1d'}) (2AMD15)
2022-03-16T01:55:50: Creating submission environment ...
2022-03-16T01:55:51: Waiting for submission environment ...
2022-03-16T01:58:31: Begin uploading files
2022-03-16T01:58:34: Could not find META-INF/MANIFEST.MF in app archive
2022-03-16T01:58:34: Could not find Main.class in app archive
2022-03-16T01:58:34: Extracting and uploading main.py ...
2022-03-16T01:58:36: main.py status: {'accessTime': 1647395915316, 'blockSize': 134217728, 'childrenNum': 0, 'fileId': 16386, 'group': 'supergroup', 'length': 7919, 'modificationTime': 1647395916123, 'owner': 'www-data', 'pathSuffix': '', 'permission': '755', 'replication': 3, 'storagePolicy': 0, 'type': 'FILE'}
2022-03-16T01:58:36: Uploading app app.zip ...
2022-03-16T01:58:36: App status: {'accessTime': 1647395916251, 'blockSize': 134217728, 'childrenNum': 0, 'fileId': 16387, 'group': 'supergroup', 'length': 2411, 'modificationTime': 1647395916282, 'owner': 'www-data', 'pathSuffix': '', 'permission': '755', 'replication': 3, 'storagePolicy': 0, 'type': 'FILE'}
2022-03-16T01:58:36: Uploading data ...
2022-03-16T01:58:36: Uploading daata file WeatherEvents.csv ...
2022-03-16T01:58:53: Uploading /MS1.txt
2022-03-16T01:59:28: Done uploading /MS1.txt
2022-03-16T01:59:28: Submitting work ...
2022-03-16T01:59:33: Status: Pending
2022-03-16T01:59:39: Attaching logs
2022-03-16T02:00:43: Status: Failed
2022-03-16T02:00:43: Performing cleanup
2022-03-16T02:00:43: Awaiting attached log termination
2022-03-16T02:00:43: Bye
