2022-03-13T23:49:07: Processing submission submission-5d7e8b050d104c7a89adb6cce22037a9 for group-72 ({'app': 'e97450b1d286f5922b57d69d16bbcec429608d815a540e1b0e0e35b7468344b7', 'data': '3a701dbccc60d18390cbf6a9543a533587177b08278a6e8dc344f6878c4e5e1d'}) (2AMD15)
2022-03-13T23:49:08: Creating submission environment ...
2022-03-13T23:49:08: Waiting for submission environment ...
2022-03-13T23:51:49: Begin uploading files
2022-03-13T23:51:52: Could not find META-INF/MANIFEST.MF in app archive
2022-03-13T23:51:52: Could not find Main.class in app archive
2022-03-13T23:51:52: Extracting and uploading main.py ...
2022-03-13T23:51:53: main.py status: {'accessTime': 1647215513006, 'blockSize': 134217728, 'childrenNum': 0, 'fileId': 16386, 'group': 'supergroup', 'length': 4097, 'modificationTime': 1647215513695, 'owner': 'www-data', 'pathSuffix': '', 'permission': '755', 'replication': 3, 'storagePolicy': 0, 'type': 'FILE'}
2022-03-13T23:51:53: Uploading app app.zip ...
2022-03-13T23:51:54: App status: {'accessTime': 1647215514083, 'blockSize': 134217728, 'childrenNum': 0, 'fileId': 16387, 'group': 'supergroup', 'length': 1424, 'modificationTime': 1647215514161, 'owner': 'www-data', 'pathSuffix': '', 'permission': '755', 'replication': 3, 'storagePolicy': 0, 'type': 'FILE'}
2022-03-13T23:51:54: Uploading data ...
2022-03-13T23:51:54: Uploading daata file WeatherEvents.csv ...
2022-03-13T23:52:11: Uploading /MS1.txt
2022-03-13T23:53:04: Done uploading /MS1.txt
2022-03-13T23:53:04: Submitting work ...
2022-03-13T23:53:10: Status: Pending
2022-03-13T23:53:16: Attaching logs
2022-03-13T23:53:38: Status: Succeeded
2022-03-13T23:53:38: Performing cleanup
2022-03-13T23:53:38: Awaiting attached log termination
2022-03-13T23:53:38: Bye
